<?xml version="1.0" encoding="UTF-8"?>
<!-- Generated by org.testng.reporters.JUnitReportReporter -->
<testsuite hostname="PCIN464929" failures="0" tests="2" name="com.Test.TestCase" time="154.224" errors="0" timestamp="2021-05-08T13:52:09 IST" skipped="0">
  <testcase classname="com.Test.TestCase" name="testone" time="63.273"/>
  <system-out/>
  <testcase classname="com.Test.TestCase" name="testwo" time="90.951"/>
  <system-out/>
</testsuite> <!-- com.Test.TestCase -->
